0 silly argv {
0 silly argv   _: [ 'publish' ],
0 silly argv   contents: 'dist',
0 silly argv   composed: 'publish',
0 silly argv   lernaVersion: '3.22.1',
0 silly argv   '$0': 'node_modules/.bin/lerna',
0 silly argv   bump: 'from-package'
0 silly argv }
1 notice cli v3.22.1
2 verbose rootPath /home/ivan/repositories/github.com/dotdevjs/reactpkg
3 verbose session cb3e80ceff62a460
4 verbose user-agent lerna/3.22.1/node@v15.9.0+x64 (linux)
5 verbose git-describe undefined => "c93f379"
6 silly git-describe parsed => {"refCount":"6","sha":"c93f379","isDirty":false}
7 silly getUnpublishedPackages
8 warn Unable to determine published version, assuming "@reactpkg/inversify" unpublished.
9 info publish Publishing packages to npm...
10 notice Skipping all user and access validation due to third-party registry
11 notice Make sure you're authenticated properly ¯\_(ツ)_/¯
12 warn ENOLICENSE Package @reactpkg/inversify is missing a license.
12 warn ENOLICENSE One way to fix this is to add a LICENSE.md file to the root of this repository.
12 warn ENOLICENSE See https://choosealicense.com for additional guidance.
13 silly getCurrentSHA
14 verbose getCurrentSHA c93f379508035390c7f9471c6dfbebead4b2ea6e
15 silly lifecycle No script for "prepublish" in "reactpkg", continuing
16 silly lifecycle No script for "prepare" in "reactpkg", continuing
17 silly lifecycle No script for "prepublishOnly" in "reactpkg", continuing
18 silly lifecycle No script for "prepack" in "reactpkg", continuing
19 verbose pack-directory packages/inversify/dist
20 silly lifecycle No script for "prepublish" in "@reactpkg/inversify", continuing
21 silly lifecycle No script for "prepare" in "@reactpkg/inversify", continuing
22 silly lifecycle No script for "prepublishOnly" in "@reactpkg/inversify", continuing
23 silly lifecycle No script for "prepack" in "@reactpkg/inversify", continuing
24 error
